<?xml version="1.0" encoding="UTF-8" ?>
<testsuite tests="7" failures="0" name="hellocucumber.RunCucumberTest" time="0.354" errors="0" skipped="0">
  <properties>
[...]
</properties>
  <testcase classname="Have i 180cm tall?" name="180cm is my size" time="0.128"/>
  <testcase classname="Is it Friday yet?" name="Today is or is not Friday #1" time="0.023"/>
  <testcase classname="Is it Friday yet?" name="Today is or is not Friday #2" time="0.031"/>
  <testcase classname="Is it Friday yet?" name="Today is or is not Friday #3" time="0.056"/>
  <testcase classname="Is it Friday yet?" name="Today is or is not Friday #4" time="0.048"/>
  <testcase classname="Is it Friday yet?" name="Today is or is not Friday #5" time="0.034"/>
  <testcase classname="Is it Friday yet?" name="Today is or is not Friday #6" time="0.034"/>
</testsuite>